<?xml version="1.0" encoding="UTF-8"?>
<!-- Generated by org.testng.reporters.JUnitReportReporter -->
<testsuite hostname="DESKTOP-RO3NQHF" failures="0" tests="3" name="grid.ParallelExecution" time="234.894" errors="0" timestamp="2024-06-19T15:32:08 IST" skipped="0">
  <testcase classname="grid.ParallelExecution" name="browserTest" time="48.821"/>
  <system-out/>
  <testcase classname="grid.ParallelExecution" name="browserTest" time="68.438"/>
  <system-out/>
  <testcase classname="grid.ParallelExecution" name="browserTest" time="117.635"/>
  <system-out/>
</testsuite> <!-- grid.ParallelExecution -->
